<?xml version="1.0" encoding="UTF-8"?>
<testsuite xmlns:xsi="http://www.w3.org/2001/XMLSchema-instance" xsi:noNamespaceSchemaLocation="https://maven.apache.org/surefire/maven-surefire-plugin/xsd/surefire-test-report.xsd" version="3.0.2" name="com.template.ms_api_gateway.MsApiGatewayApplicationTests" time="4.637" tests="1" errors="0" skipped="0" failures="0" flakes="0">
  <properties>
[...]
</properties>
  <testcase name="contextLoads" classname="com.template.ms_api_gateway.MsApiGatewayApplicationTests" time="0.966">
    <system-out><![CDATA[10:02:01.189 [main] INFO org.springframework.test.context.support.AnnotationConfigContextLoaderUtils -- Could not detect default configuration classes for test class [com.template.ms_api_gateway.MsApiGatewayApplicationTests]: MsApiGatewayApplicationTests does not declare any static, non-private, non-final, nested classes annotated with @Configuration.
10:02:01.317 [main] INFO org.springframework.boot.test.context.SpringBootTestContextBootstrapper -- Found @SpringBootConfiguration com.template.ms_api_gateway.MsApiGatewayApplication for test class com.template.ms_api_gateway.MsApiGatewayApplicationTests

  .   ____          _            __ _ _
 /\\ / ___'_ __ _ _(_)_ __  __ _ \ \ \ \
( ( )\___ | '_ | '_| | '_ \/ _` | \ \ \ \
 \\/  ___)| |_)| | | | | || (_| |  ) ) ) )
  '  |____| .__|_| |_|_| |_\__, | / / / /
 =========|_|==============|___/=/_/_/_/

 :: Spring Boot ::      (v3.5.15-SNAPSHOT)

2026-05-08T10:02:02.080-05:00  INFO 46296 --- [ms-api-gateway] [           main] c.t.m.MsApiGatewayApplicationTests       : Starting MsApiGatewayApplicationTests using Java 21.0.7 with PID 46296 (started by minop in C:\ntt-data\ms-api-gateway)
2026-05-08T10:02:02.082-05:00  INFO 46296 --- [ms-api-gateway] [           main] c.t.m.MsApiGatewayApplicationTests       : No active profile set, falling back to 1 default profile: "default"
2026-05-08T10:02:03.302-05:00  INFO 46296 --- [ms-api-gateway] [           main] o.s.cloud.context.scope.GenericScope     : BeanFactory id=7f6953fd-e9fc-351c-946c-cb016c53c80b
2026-05-08T10:02:03.975-05:00  WARN 46296 --- [ms-api-gateway] [           main] GatewayClassPathWarningAutoConfiguration : 

**********************************************************

The artifact spring-cloud-gateway-server is deprecated. It will be removed in the next major release. Please add spring-cloud-gateway-server-webflux dependency.

**********************************************************


2026-05-08T10:02:04.388-05:00  INFO 46296 --- [ms-api-gateway] [           main] o.s.c.g.r.RouteDefinitionRouteLocator    : Loaded RoutePredicateFactory [After]
2026-05-08T10:02:04.388-05:00  INFO 46296 --- [ms-api-gateway] [           main] o.s.c.g.r.RouteDefinitionRouteLocator    : Loaded RoutePredicateFactory [Before]
2026-05-08T10:02:04.388-05:00  INFO 46296 --- [ms-api-gateway] [           main] o.s.c.g.r.RouteDefinitionRouteLocator    : Loaded RoutePredicateFactory [Between]
2026-05-08T10:02:04.388-05:00  INFO 46296 --- [ms-api-gateway] [           main] o.s.c.g.r.RouteDefinitionRouteLocator    : Loaded RoutePredicateFactory [Cookie]
2026-05-08T10:02:04.388-05:00  INFO 46296 --- [ms-api-gateway] [           main] o.s.c.g.r.RouteDefinitionRouteLocator    : Loaded RoutePredicateFactory [Header]
2026-05-08T10:02:04.388-05:00  INFO 46296 --- [ms-api-gateway] [           main] o.s.c.g.r.RouteDefinitionRouteLocator    : Loaded RoutePredicateFactory [Host]
2026-05-08T10:02:04.389-05:00  INFO 46296 --- [ms-api-gateway] [           main] o.s.c.g.r.RouteDefinitionRouteLocator    : Loaded RoutePredicateFactory [Method]
2026-05-08T10:02:04.389-05:00  INFO 46296 --- [ms-api-gateway] [           main] o.s.c.g.r.RouteDefinitionRouteLocator    : Loaded RoutePredicateFactory [Path]
2026-05-08T10:02:04.389-05:00  INFO 46296 --- [ms-api-gateway] [           main] o.s.c.g.r.RouteDefinitionRouteLocator    : Loaded RoutePredicateFactory [Query]
2026-05-08T10:02:04.389-05:00  INFO 46296 --- [ms-api-gateway] [           main] o.s.c.g.r.RouteDefinitionRouteLocator    : Loaded RoutePredicateFactory [ReadBody]
2026-05-08T10:02:04.389-05:00  INFO 46296 --- [ms-api-gateway] [           main] o.s.c.g.r.RouteDefinitionRouteLocator    : Loaded RoutePredicateFactory [RemoteAddr]
2026-05-08T10:02:04.389-05:00  INFO 46296 --- [ms-api-gateway] [           main] o.s.c.g.r.RouteDefinitionRouteLocator    : Loaded RoutePredicateFactory [XForwardedRemoteAddr]
2026-05-08T10:02:04.389-05:00  INFO 46296 --- [ms-api-gateway] [           main] o.s.c.g.r.RouteDefinitionRouteLocator    : Loaded RoutePredicateFactory [Weight]
2026-05-08T10:02:04.389-05:00  INFO 46296 --- [ms-api-gateway] [           main] o.s.c.g.r.RouteDefinitionRouteLocator    : Loaded RoutePredicateFactory [CloudFoundryRouteService]
2026-05-08T10:02:04.597-05:00  WARN 46296 --- [ms-api-gateway] [           main] s.w.s.StarterDeprecatedAutoConfiguration : 

**********************************************************

spring-cloud-starter-gateway is deprecated. It will be removed in the next major release. Please use spring-cloud-starter-gateway-server-webflux instead.

**********************************************************


2026-05-08T10:02:04.689-05:00  INFO 46296 --- [ms-api-gateway] [           main] c.t.m.MsApiGatewayApplicationTests       : Started MsApiGatewayApplicationTests in 3.054 seconds (process running for 4.178)
2026-05-08T10:02:04.699-05:00  WARN 46296 --- [ms-api-gateway] [           main] ServerWebfluxPropertiesMigrationListener : 
The use of configuration keys that have been renamed was found in the environment:

Property source 'Config resource 'class path resource [application.yml]' via location 'optional:classpath:/'':
	Key: spring.cloud.gateway.routes[0].id
		Line: 12
		Replacement: spring.cloud.gateway.server.webflux.routes[0].id
	Key: spring.cloud.gateway.routes[0].uri
		Line: 13
		Replacement: spring.cloud.gateway.server.webflux.routes[0].uri
	Key: spring.cloud.gateway.routes[0].predicates[0]
		Line: 15
		Replacement: spring.cloud.gateway.server.webflux.routes[0].predicates[0]
	Key: spring.cloud.gateway.routes[1].id
		Line: 17
		Replacement: spring.cloud.gateway.server.webflux.routes[1].id
	Key: spring.cloud.gateway.routes[1].uri
		Line: 18
		Replacement: spring.cloud.gateway.server.webflux.routes[1].uri
	Key: spring.cloud.gateway.routes[1].predicates[0]
		Line: 20
		Replacement: spring.cloud.gateway.server.webflux.routes[1].predicates[0]


Each configuration key has been temporarily mapped to its replacement for your convenience. To silence this warning, please update your configuration to use the new keys.

]]></system-out>
    <system-err><![CDATA[Mockito is currently self-attaching to enable the inline-mock-maker. This will no longer work in future releases of the JDK. Please add Mockito as an agent to your build as described in Mockito's documentation: https://javadoc.io/doc/org.mockito/mockito-core/latest/org.mockito/org/mockito/Mockito.html#0.3
WARNING: A Java agent has been loaded dynamically (C:\Users\minop\.m2\repository\net\bytebuddy\byte-buddy-agent\1.17.8\byte-buddy-agent-1.17.8.jar)
WARNING: If a serviceability tool is in use, please run with -XX:+EnableDynamicAgentLoading to hide this warning
WARNING: If a serviceability tool is not in use, please run with -Djdk.instrument.traceUsage for more information
WARNING: Dynamic loading of agents will be disallowed by default in a future release
]]></system-err>
  </testcase>
</testsuite>